<?xml version="1.0" encoding="UTF-8"?>
<testng-results ignored="0" total="1" passed="1" failed="0" skipped="0">
  <reporter-output>
  </reporter-output>
  <suite started-at="2020-07-27T01:35:42 EDT" name="Surefire suite" finished-at="2020-07-27T01:35:42 EDT" duration-ms="63">
    <groups>
    </groups>
    <test started-at="2020-07-27T01:35:42 EDT" name="Surefire test" finished-at="2020-07-27T01:35:42 EDT" duration-ms="63">
      <class name="qaclickacademy.AppTest">
        <test-method signature="shouldAnswerWithTrue()" started-at="2020-07-27T01:35:42 EDT" name="shouldAnswerWithTrue" finished-at="2020-07-27T01:35:42 EDT" duration-ms="15" status="PASS">
          <reporter-output>
          </reporter-output>
        </test-method> <!-- shouldAnswerWithTrue -->
      </class> <!-- qaclickacademy.AppTest -->
    </test> <!-- Surefire test -->
  </suite> <!-- Surefire suite -->
</testng-results>
