<?xml version="1.0" encoding="UTF-8"?>
<!-- Generated by org.testng.reporters.JUnitXMLReporter -->
<testsuite ignored="0" hostname="Lenovo" failures="0" tests="6" name="Surefire test" time="0.045" errors="0" timestamp="2020-07-27T01:35:42 EDT">
  <testcase classname="qaclickacademy.AppiumTest" name="IOSApps" time="0.004"/>
  <testcase classname="qaclickacademy.AppiumTest" name="NativeAppAndroid" time="0.001"/>
  <testcase classname="qaclickacademy.RestApiTest" name="deleteTwitter" time="0.001"/>
  <testcase classname="qaclickacademy.RestApiTest" name="postJira" time="0.001"/>
  <testcase classname="qaclickacademy.SeleniumTest" name="BrowserAutomation" time="0.0"/>
  <testcase classname="qaclickacademy.SeleniumTest" name="elementsUI" time="0.001"/>
</testsuite> <!-- Surefire test -->
