<?xml version="1.0" encoding="UTF-8"?>
<testng-results ignored="0" total="6" passed="6" failed="0" skipped="0">
  <reporter-output>
  </reporter-output>
  <suite started-at="2020-07-27T01:35:41 EDT" name="Surefire suite" finished-at="2020-07-27T01:35:42 EDT" duration-ms="45">
    <groups>
    </groups>
    <test started-at="2020-07-27T01:35:41 EDT" name="Surefire test" finished-at="2020-07-27T01:35:42 EDT" duration-ms="45">
      <class name="qaclickacademy.AppiumTest">
        <test-method signature="IOSApps()[pri:0, instance:qaclickacademy.AppiumTest@64d7f7e0]" started-at="2020-07-27T01:35:42 EDT" name="IOSApps" finished-at="2020-07-27T01:35:42 EDT" duration-ms="4" status="PASS">
          <reporter-output>
          </reporter-output>
        </test-method> <!-- IOSApps -->
        <test-method signature="NativeAppAndroid()[pri:0, instance:qaclickacademy.AppiumTest@64d7f7e0]" started-at="2020-07-27T01:35:42 EDT" name="NativeAppAndroid" finished-at="2020-07-27T01:35:42 EDT" duration-ms="1" status="PASS">
          <reporter-output>
          </reporter-output>
        </test-method> <!-- NativeAppAndroid -->
      </class> <!-- qaclickacademy.AppiumTest -->
      <class name="qaclickacademy.SeleniumTest">
        <test-method signature="elementsUI()[pri:0, instance:qaclickacademy.SeleniumTest@49070868]" started-at="2020-07-27T01:35:42 EDT" name="elementsUI" finished-at="2020-07-27T01:35:42 EDT" duration-ms="1" status="PASS">
          <reporter-output>
          </reporter-output>
        </test-method> <!-- elementsUI -->
        <test-method signature="BrowserAutomation()[pri:0, instance:qaclickacademy.SeleniumTest@49070868]" started-at="2020-07-27T01:35:42 EDT" name="BrowserAutomation" finished-at="2020-07-27T01:35:42 EDT" duration-ms="0" status="PASS">
          <reporter-output>
          </reporter-output>
        </test-method> <!-- BrowserAutomation -->
      </class> <!-- qaclickacademy.SeleniumTest -->
      <class name="qaclickacademy.RestApiTest">
        <test-method signature="deleteTwitter()[pri:0, instance:qaclickacademy.RestApiTest@27c6e487]" started-at="2020-07-27T01:35:42 EDT" name="deleteTwitter" finished-at="2020-07-27T01:35:42 EDT" duration-ms="1" status="PASS">
          <reporter-output>
          </reporter-output>
        </test-method> <!-- deleteTwitter -->
        <test-method signature="postJira()[pri:0, instance:qaclickacademy.RestApiTest@27c6e487]" started-at="2020-07-27T01:35:42 EDT" name="postJira" finished-at="2020-07-27T01:35:42 EDT" duration-ms="1" status="PASS">
          <reporter-output>
          </reporter-output>
        </test-method> <!-- postJira -->
      </class> <!-- qaclickacademy.RestApiTest -->
    </test> <!-- Surefire test -->
  </suite> <!-- Surefire suite -->
</testng-results>
