<?xml version="1.0" encoding="UTF-8"?>
<testng-results ignored="0" total="4" passed="4" failed="0" skipped="0">
  <reporter-output>
  </reporter-output>
  <suite started-at="2020-07-27T02:50:39 EDT" name="Maven Test Suite" finished-at="2020-07-27T02:50:40 EDT" duration-ms="138">
    <groups>
    </groups>
    <test started-at="2020-07-27T02:50:39 EDT" name="Maven Test 1" finished-at="2020-07-27T02:50:40 EDT" duration-ms="138">
      <class name="qaclickacademy.AppiumTest">
        <test-method signature="IOSApps()[pri:0, instance:qaclickacademy.AppiumTest@5c1a8622]" started-at="2020-07-27T02:50:39 EDT" name="IOSApps" finished-at="2020-07-27T02:50:40 EDT" duration-ms="11" status="PASS">
          <reporter-output>
          </reporter-output>
        </test-method> <!-- IOSApps -->
        <test-method signature="NativeAppAndroid()[pri:0, instance:qaclickacademy.AppiumTest@5c1a8622]" started-at="2020-07-27T02:50:40 EDT" name="NativeAppAndroid" finished-at="2020-07-27T02:50:40 EDT" duration-ms="1" status="PASS">
          <reporter-output>
          </reporter-output>
        </test-method> <!-- NativeAppAndroid -->
      </class> <!-- qaclickacademy.AppiumTest -->
      <class name="qaclickacademy.SeleniumTest">
        <test-method signature="BrowserAutomation()[pri:0, instance:qaclickacademy.SeleniumTest@5ad851c9]" started-at="2020-07-27T02:50:40 EDT" name="BrowserAutomation" finished-at="2020-07-27T02:50:40 EDT" duration-ms="2" status="PASS">
          <reporter-output>
          </reporter-output>
        </test-method> <!-- BrowserAutomation -->
        <test-method signature="elementsUI()[pri:0, instance:qaclickacademy.SeleniumTest@5ad851c9]" started-at="2020-07-27T02:50:40 EDT" name="elementsUI" finished-at="2020-07-27T02:50:40 EDT" duration-ms="1" status="PASS">
          <reporter-output>
          </reporter-output>
        </test-method> <!-- elementsUI -->
      </class> <!-- qaclickacademy.SeleniumTest -->
    </test> <!-- Maven Test 1 -->
  </suite> <!-- Maven Test Suite -->
</testng-results>
